19:05:11 INFO =======================================================
19:05:11 INFO BuscaCNPJ.work — Ampliar Seeds
19:05:11 INFO Já no banco  : 463 CNPJs
19:05:11 INFO Meta novos   : 2000 CNPJs
19:05:11 INFO =======================================================
19:05:12 INFO [+1 | total 464] ✅  01082340000171 — POOL PARTY PISCINAS — PAROBE/RS
19:05:12 INFO [+2 | total 465] ✅  30050790000180 — SUPER DOGS — MOGI DAS CRUZES/SP
19:05:12 INFO [+3 | total 466] ✅  05283727000147 — ITRACRIL RESINAS — CAXAMBU/MG
19:05:12 INFO [+4 | total 467] ✅  13085678000166 — SOLUS COMERCIO E SERVICOS — RIO BRANCO/AC
19:05:12 INFO [+5 | total 468] ✅  63369255000146 — 63.369.255 ROBERTO CARLOS FERREIRA — VOTUPORANGA/SP
19:05:13 INFO [+6 | total 469] ✅  19007824000111 — CLEO VIEIRA CONSTRUTORA — ARROIO DO SAL/RS
19:05:13 INFO [+7 | total 470] ✅  06887993000141 — C G SERIGRAFIA — APUCARANA/PR
19:05:13 INFO [+8 | total 471] ✅  05298828000191 — TAIS — PRESIDENTE EPITACIO/SP
19:05:13 INFO [+9 | total 472] ✅  03171958000133 — ASSOCIACAO DOS MORADORES DO BAIRRO  — APARECIDA DE GOIANIA/GO
19:05:14 INFO [+10 | total 473] ✅  13702578000131 — RIGCO INTERNATIONAL DO BRASIL IMPOR — RIO DE JANEIRO/RJ
19:05:14 INFO [+11 | total 474] ✅  02234461000154 — LUZIEL FURTADO — ENCANTO/RN
19:05:15 INFO [+12 | total 475] ✅  12884163000163 — JOELIZIA FERREIRA DE SANTANA LOUREN — NOVA IGUACU/RJ
19:05:15 INFO [+13 | total 476] ✅  11360127000138 — J. R. TURATI SERVICOS DE TELEFONIA  — FLORIANOPOLIS/SC
19:05:15 INFO [+14 | total 477] ✅  14550528000149 — ADRIANA DA SILVA BORGES 07781485998 — SAO JOSE DOS PINHAIS/PR
19:05:15 INFO [+15 | total 478] ✅  10309233000124 — CANTINHO DO PET — SAO JOSE DOS PINHAIS/PR
19:05:15 INFO [+16 | total 479] ✅  05136686000166 — ROTISSERIA DA NONA GIOVANNINA — VINHEDO/SP
19:05:15 INFO [+17 | total 480] ✅  08178433000143 — LEVI ALVES DE VASCONCELOS — SALGUEIRO/PE
19:05:16 INFO [+18 | total 481] ✅  06816111000157 — ELEICOES 2004 CF - MANHUMIRIM - MG  — MANHUMIRIM/MG
19:05:16 INFO [+19 | total 482] ✅  08015546000128 — MILTON TEIXEIRA DA COSTA — SAO PAULO/SP
19:05:16 INFO [+20 | total 483] ✅  04757993000100 — OFICINA IRAPURU — BELEM/PA
19:05:16 INFO [+21 | total 484] ✅  11178056000157 — ARTHEMIA PARTICIPACOES S.A. — SAO PAULO/SP
19:05:17 INFO [+22 | total 485] ✅  15137674000100 — MARIA CELIA BEZERRA COBRAS 80875955 — BREU BRANCO/PA
19:05:17 INFO [+23 | total 486] ✅  06972474000181 — PORTAB CONSTRUCOES LTDA — ARARUAMA/RJ
19:05:17 INFO [+24 | total 487] ✅  14874354000170 — NUNES METAIS — SAO PAULO/SP
19:05:17 INFO [+25 | total 488] ✅  04965446000101 — ALBABETO — IPATINGA/MG
19:05:17 INFO [+26 | total 489] ✅  08226308000161 — WOZNIAK COSMETICOS PROFISSIONAIS — CURITIBA/PR
19:05:17 INFO [+27 | total 490] ✅  15315913000174 — EDONE GONZAGA SANTANA 03407662556 — CAMACARI/BA
19:05:18 INFO [+28 | total 491] ✅  07140979000142 — LOCKHEED MARTIN CORPORATION MASTER  — EXTERIOR/EX
19:05:18 INFO [+29 | total 492] ✅  09428400000177 — PANIFICADORA BOA SORTE — SANTA RITA/PB
19:05:18 INFO [+30 | total 493] ✅  13406015000104 — MUNDIAL EVENTOS — SAO JOSE DOS CAMPOS/SP
19:05:19 INFO [+31 | total 494] ✅  29735389000103 — CASA DE CARNES BOI NOBRE — ANAPOLIS/GO
19:05:19 INFO [+32 | total 495] ✅  19730461000148 — GISELE APARECIDA PENHA 22805450809 — MATAO/SP
19:05:19 INFO [+33 | total 496] ✅  04313488000168 — DIORAMA TECNICA EM GALVANIZACAO — ITAQUAQUECETUBA/SP
19:05:20 INFO [+34 | total 497] ✅  02230100000130 — ARMAZEM SANTO ANTONIO — RIO VERDE/GO
19:05:20 INFO [+35 | total 498] ✅  15878017000113 — ELEICAO 2012 MARCOS DOS SANTOS VERE — SAO PEDRO DO PARANA/PR
19:05:20 INFO [+36 | total 499] ✅  02612294000138 — CONDOMINIO DO EDIFICIO BOM JESUS — RIO DE JANEIRO/RJ
19:05:21 INFO [+37 | total 500] ✅  13693001000100 — K D CLINICA DE FISIOTERAPIA LTDA — SAO PAULO/SP
19:05:21 INFO [+38 | total 501] ✅  18488745000107 — AMB REPAROS — SAO JOSE DOS PINHAIS/PR
19:05:21 INFO [+39 | total 502] ✅  07088276000112 — EDIFICIO CANDIDO THOME — RIO DE JANEIRO/RJ
19:05:21 INFO [+40 | total 503] ✅  04355076000190 — CICERO DA SILVA PRADO ITAPURA — ITAPURA/SP
19:05:21 INFO [+41 | total 504] ✅  09309682000193 — MERILUCI APARECIDA MIRANDA FURLAN E — OLIMPIA/SP
19:05:22 INFO [+42 | total 505] ✅  21215757000172 — ALLEGRO BAMBINI — SAO PAULO/SP
19:05:22 INFO [+43 | total 506] ✅  18749560000109 — LANCHONETE & DOGUERIA DA DRY — FRANCA/SP
19:05:22 INFO [+44 | total 507] ✅  13366424000116 — MAXIELE DA CRUZ 96227290610 — ITAPIRA/SP
19:05:22 INFO [+45 | total 508] ✅  05464276000144 — TENDAMAQ TENDA DAS MAQUINAS PARA ES — FORTALEZA/CE
19:05:22 INFO [+46 | total 509] ✅  02976920000175 — AJSC COMERCIAL LTDA — BOM JESUS DO AMPARO/MG
19:05:22 INFO [+47 | total 510] ✅  10436249000106 — UPPER — SAO LUIS/MA
19:05:23 INFO [+48 | total 511] ✅  07961421000128 — FRANTIENE CRUZ DE OLIVEIRA — SALVADOR/BA
19:05:23 INFO [+49 | total 512] ✅  06979029000143 — EDUARDO JORGE DA SILVA - MAQUINAS — CAMPINAS/SP
19:05:24 INFO [+50 | total 513] ✅  19046392000158 — JAIR JOAO POLI JUNIOR 06387816980 — BRUSQUE/SC
19:05:24 INFO     💾 Salvo — 513 total
19:05:24 INFO [+51 | total 514] ✅  20106656000109 — NOSSO BAR — BELO HORIZONTE/MG
19:05:24 INFO [+52 | total 515] ✅  16221473000159 — ELEICAO 2012 JURANDIR PINHEIRO DOS  — CAPIVARI/SP
19:05:24 INFO [+53 | total 516] ✅  04384418000109 — ANAFREIOS AUTO PECAS E BATERIAS — PIMENTA BUENO/RO
19:05:24 INFO [+54 | total 517] ✅  08291069000123 — GUAIMBE — INUBIA PAULISTA/SP
19:05:24 INFO [+55 | total 518] ✅  29480648000194 — MINIONS E ALEGRIA — ITAJAI/SC
19:05:25 INFO [+56 | total 519] ✅  08848279000170 — RENOVART MOVEIS ARTEZANAIS — GOIANIA/GO
19:05:25 INFO [+57 | total 520] ✅  07998948000127 — BLAECK LABEL ROCK BAR — IJUI/RS
19:05:25 INFO [+58 | total 521] ✅  02042332000164 — C & C INFORMATICA S/C LTDA — HORTOLANDIA/SP
19:05:25 INFO [+59 | total 522] ✅  01045184000179 — ARTE&COSTURA — CUIABA/MT
19:05:26 INFO [+60 | total 523] ✅  06100691000181 — FUNDACAO ACIDENTE ZERO — VITORIA/ES
19:05:26 INFO [+61 | total 524] ✅  18976435000131 — DRICA'S MODA FASHION — RIO DE JANEIRO/RJ
19:05:26 INFO [+62 | total 525] ✅  83566133000157 — TORRE EMPREENDIMENTOS LTDA — FLORIANOPOLIS/SC
19:05:26 INFO [+63 | total 526] ✅  08571689000116 — SO REDES — NATAL/RN
19:05:27 INFO [+64 | total 527] ✅  04564427000173 — WALTER FAGIOLI & CIA.LTDA. — SAO JOSE DO RIO PARDO/SP
19:05:27 INFO [+65 | total 528] ✅  20947950000135 — CLAIR AUGUSTA DA SILVA 07854044813 — CAMPINAS/SP
19:05:27 INFO [+66 | total 529] ✅  06276626000101 — MARTH FERRAMENTAS LTDA — CACHOEIRINHA/RS
19:05:28 INFO [+67 | total 530] ✅  01099511000175 — VISUAL BYTE — SAO VICENTE/SP
19:05:28 INFO [+68 | total 531] ✅  01454316000116 — CRISTAL PRESENTES — SAO VICENTE/SP
19:05:28 INFO [+69 | total 532] ✅  11066747000169 — RADIO CULTURA — ANAPOLIS/GO
19:05:28 INFO [+70 | total 533] ✅  08899328000101 — PAGANO TRANSPORTE E LOGISTICA LTDA — RIO BONITO/RJ
19:05:28 INFO [+71 | total 534] ✅  06980658000193 — CONCEITO PLINI — SANTOS/SP
19:05:29 INFO [+72 | total 535] ✅  06447636000162 — ELEICOES 2004 - MARIO CELSO PUGLIEL — CURITIBA/PR
19:05:29 INFO [+73 | total 536] ✅  10413129000185 — MG CAR — LIMEIRA/SP
19:05:29 INFO [+74 | total 537] ✅  09190698000120 — EVOLUTION TRANSPORTES EXECUTIVOS — VINHEDO/SP
19:05:29 INFO [+75 | total 538] ✅  19674697000104 — GILSON ANTONIO DOS SANTOS 011684783 — OSASCO/SP
19:05:30 INFO [+76 | total 539] ✅  09635979000149 — JEFFERSON DE FARIA — CACAPAVA/SP
19:05:30 INFO [+77 | total 540] ✅  08180231000136 — GERALDO LOURENCO DOS SANTOS E OUTRA — ITABERA/SP
19:05:30 INFO [+78 | total 541] ✅  05585849000198 — ROLIMGUARDA VIGILANCIA — CACOAL/RO
19:05:31 INFO [+79 | total 542] ✅  05751807000180 — POINT BEER — BALNEARIO CAMBORIU/SC
19:05:31 INFO [+80 | total 543] ✅  07237297000152 — 07.237.297 SIDE FRANCISCO DOS SANTO — CENTRAL/BA
19:05:31 INFO [+81 | total 544] ✅  07531136000177 — FABIANO CARDOZO DE FARIA — ARARAQUARA/SP
19:05:31 INFO [+82 | total 545] ✅  03855438000140 — CARMINDA - PADARIA E CONFEITARIA LT — SAO JOAO DE MERITI/RJ
19:05:32 INFO [+83 | total 546] ✅  06731787000148 — ELEICOES 2004 - EDELVANIO NUNES TOP — SAO JOAQUIM/SC
19:05:32 INFO [+84 | total 547] ✅  05030809000180 — MADEIREIRA ARARAPA — FELIZ NATAL/MT
19:05:32 INFO [+85 | total 548] ✅  14645806000141 — SHEILA REGINA DA SILVA 43206827850 — SAO JOSE DOS CAMPOS/SP
19:05:32 INFO [+86 | total 549] ✅  01363026000167 — CHARANGA AUTO PECAS — JOAO PESSOA/PB
19:05:32 INFO [+87 | total 550] ✅  19247927000159 — VALDINEIA DE FATIMA MORGADO DA SILV — CERQUILHO/SP
19:05:53 INFO [+88 | total 551] ✅  13516224000100 — ARMARINHO SANTO ANTONIO — ALAGOINHAS/BA
19:05:53 INFO [+89 | total 552] ✅  17861887000105 — C M MATERIAIS DE CONSTRUCAO — ANASTACIO/MS
19:05:53 INFO [+90 | total 553] ✅  19681187000164 — CASA DA ESFIHA — FRUTAL/MG
19:05:54 INFO [+91 | total 554] ✅  16345063000110 — ELEICAO 2012 COMITE FINANCEIRO SC U — BRACO DO NORTE/SC
19:05:54 INFO [+92 | total 555] ✅  11946568000116 — URANIO OLIVEIRA MILTON 00341161500 — TEIXEIRA DE FREITAS/BA
19:05:54 INFO [+93 | total 556] ✅  12538899000180 — SERGIO TULIO MAGALHAES SOUSA 602887 — ANAPOLIS/GO
19:06:14 INFO [+94 | total 557] ✅  05262033000123 — PRIMICIA PRODUTOS DE LIMPEZA — GOIANIA/GO
19:06:14 INFO [+95 | total 558] ✅  13383382000121 — Y & F ALIMENTOS — EUSEBIO/CE
19:06:15 INFO [+96 | total 559] ✅  13969049000107 — DEBORA LOPES BASSO & CIA LTDA — ORTIGUEIRA/PR
19:06:15 INFO [+97 | total 560] ✅  10100348000104 — ELEICAO 2008 JAFLETSON ADRIANO SOAR — CORACAO DE JESUS/MG
19:06:15 INFO [+98 | total 561] ✅  17722420000184 — DROGARIA SANTA IZABEL — IPUBI/PE
19:06:16 INFO [+99 | total 562] ✅  01320015000108 — FARMACIA A SAUDE — PATO BRAGADO/PR
19:06:16 INFO [+100 | total 563] ✅  13366982000181 — VISA FARMA — BRASILIA/DF
19:06:16 INFO     💾 Salvo — 563 total
19:06:16 INFO [+101 | total 564] ✅  14290580000103 — REPRESENTACOES COMERCIAIS PADILHA L — CACHOEIRINHA/RS
19:06:16 INFO [+102 | total 565] ✅  27226273000105 — MERCEARIA CANTINHO DA XANDOCA LTDA — RIO DE JANEIRO/RJ
19:06:16 INFO [+103 | total 566] ✅  26063277000157 — YOUR TIME EVENTS — RIO DE JANEIRO/RJ
19:06:16 INFO [+104 | total 567] ✅  06489891000178 — ELEICOES 2004 - MOACI JARDIM DE OLI — ITAMBACURI/MG
19:06:17 INFO [+105 | total 568] ✅  07302738000152 — ANA MARIA DANTAS FIGUEIREDO — MILAGRES/CE
19:06:17 INFO [+106 | total 569] ✅  05061115000100 — COMERCIAL R H ARAUJO — SAO GONCALO DO AMARANTE/CE
19:06:17 INFO [+107 | total 570] ✅  05106441000196 — AJO LINGUISTICS - ASSESSORIA EMPRES — RIO DE JANEIRO/RJ
19:06:17 INFO [+108 | total 571] ✅  10929813000114 — PM2 HOLDING S.A. — SAO PAULO/SP
19:06:17 INFO [+109 | total 572] ✅  09713117000197 — ELEICAO 2008 VALDECIR GAHIO VEREADO — IRATI/SC
19:06:18 INFO [+110 | total 573] ✅  03360073000182 — INDIRA GUIMARAES LTDA. — FORTALEZA/CE
19:06:18 INFO [+111 | total 574] ✅  56582030000108 — 56.582.030 NILTON SANTOS BRAZ SOUZA — NOVA FRIBURGO/RJ
19:06:18 INFO [+112 | total 575] ✅  07054053000134 — LANCHONETE SCOOBY — ANTONINA/PR
19:06:18 INFO [+113 | total 576] ✅  10002196000107 — ELEICAO 2008 JOSE FERNANDO VIEIRA D — EDEIA/GO
19:06:18 INFO [+114 | total 577] ✅  10155063000170 — ELEICAO 2008 COMITE FINANCEIRO MUNI — UNA/BA
19:06:19 INFO [+115 | total 578] ✅  02907685000180 — POPPE REPRESENTACOES LTDA — CAMPOS DOS GOYTACAZES/RJ
19:06:19 INFO [+116 | total 579] ✅  06182336000107 — ISABELY MODAS — CARIACICA/ES
19:06:19 INFO [+117 | total 580] ✅  29420540000106 — FERNANDO LUIZ MOSER 06343410902 — BALNEARIO BARRA DO SUL/SC
19:06:20 INFO [+118 | total 581] ✅  03544553000101 — SOUZA ASSESSORIA — SALVADOR/BA
19:06:21 INFO [+119 | total 582] ✅  06582607000103 — ELEICOES 2004 - ISAIAS FIRMINO DA S — CARPINA/PE
19:06:21 INFO [+120 | total 583] ✅  06865327000102 — ADCSC — SAO FRANCISCO DO PARA/PA
19:06:21 INFO [+121 | total 584] ✅  14590729000170 — TOUCH WATCHES — RECIFE/PE
19:06:21 INFO [+122 | total 585] ✅  07614745000190 — BRENO — CAPAO DO LEAO/RS
19:06:22 INFO [+123 | total 586] ✅  24147249000192 — ROSANE FATIMA BARBOSA DA SILVA 0042 — PETROPOLIS/RJ
19:06:22 INFO [+124 | total 587] ✅  07884417000103 — L&F METAIS — LIMEIRA/SP
19:06:22 INFO [+125 | total 588] ✅  12522126000105 — TIA DENISE — VILA VELHA/ES
19:06:23 INFO [+126 | total 589] ✅  12881229000161 — 12.881.229 GENESIA DO ROSARIO OLIVE — PIRES DO RIO/GO
19:06:23 INFO [+127 | total 590] ✅  16717950000171 — LW REPRESENTACOES COMERCIAIS LTDA — SANTA ROSA/RS
19:06:23 INFO [+128 | total 591] ✅  22985798000100 — ROBERTO GOMES DA SILVA 03591153494 — OLINDA/PE
19:06:23 INFO [+129 | total 592] ✅  10090832000108 — ELEICAO 2008 BENEDITO VIEIRA PINTO  — ITATINGA/SP
19:06:23 INFO [+130 | total 593] ✅  04664013000116 — JARDIM DAS FLORES — SALVADOR/BA
19:06:23 INFO [+131 | total 594] ✅  09430840000169 — MARIO ROSA LEITE E OUTRA — GUAPIACU/SP
19:06:24 INFO [+132 | total 595] ✅  07945894000131 — CIBERNETICA -AUTOMACAO E AUDIO — CURITIBA/PR
19:06:24 INFO [+133 | total 596] ✅  15328708000143 — ENGICON — SAO PAULO/SP
19:06:25 INFO [+134 | total 597] ✅  09487551000104 — NANNY STYLUS — SALTO VELOSO/SC
19:06:25 INFO [+135 | total 598] ✅  04299482000183 — CONDOMINIO AMAPORA — CURITIBA/PR
19:06:25 INFO [+136 | total 599] ✅  04776515000139 — CONPET CONSULTORIA E SERVICOS ESPEC — MOSSORO/RN
19:06:25 INFO [+137 | total 600] ✅  14184805000147 — CHURRASCARIA SABOR DO SUL — RIO BRANCO/AC
19:06:25 INFO [+138 | total 601] ✅  05146015000186 — DROGARIA RAQUEL — BRASILIA/DF
19:06:26 INFO [+139 | total 602] ✅  09733587000112 — ELEICAO 2008 MARIA LUCIA RODRIGUES  — TERRA RICA/PR
19:06:26 INFO [+140 | total 603] ✅  06246364000132 — MOLINOS — SAO PAULO/SP
19:06:26 INFO [+141 | total 604] ✅  29339971000142 — FTORQUATO STUDIO — SAO PAULO/SP
19:06:26 INFO [+142 | total 605] ✅  19010278000178 — ENERGIZA - MANUTENCOES E INSTALACOE — JABOTI/PR
19:06:27 INFO [+143 | total 606] ✅  27415732000107 — KAREN CRISTINA NOGUEIRA 12222069602 — LAGOA SANTA/MG
19:06:27 INFO [+144 | total 607] ✅  08794212000108 — LEGALIZA ASSESSORIA EMPRESARIAL — SAO PAULO/SP
19:06:27 INFO [+145 | total 608] ✅  15522179000114 — RENATA SANTOS FREITAS 01281314544 — SALVADOR/BA
19:06:27 INFO [+146 | total 609] ✅  03173299000174 — D R R S SISTEMAS — OSASCO/SP
19:06:28 INFO [+147 | total 610] ✅  65118128000108 — 65.118.128 FLAVIA DANIELE DA SILVA — BAURU/SP
19:06:28 INFO [+148 | total 611] ✅  08952225000150 — CLUBE AQUATICO HORIZONTE — DOM AQUINO/MT
19:06:28 INFO [+149 | total 612] ✅  05739880000136 — TRANS SAVARIS LTDA — BOA ESPERANCA DO IGUACU/PR
19:06:28 INFO [+150 | total 613] ✅  03438229000109 — FEC — NITEROI/RJ
19:06:28 INFO     💾 Salvo — 613 total
19:06:29 INFO [+151 | total 614] ✅  27776266000187 — 27.776.266 LUCAS VIEIRA MORAES — SAO PAULO/SP
19:06:29 INFO [+152 | total 615] ✅  07103033000106 — SULTRACTOR COMERCIO DE PECAS PARA T — SAO JOSE/SC
19:06:29 INFO [+153 | total 616] ✅  11694123000196 — FRANCISCA IRACEMA DA SILVA 44736100 — FORTALEZA/CE
19:06:30 INFO [+154 | total 617] ✅  07089266000100 — MERCEARIA RODRIGUES — MANHUACU/MG
19:06:30 INFO [+155 | total 618] ✅  05426154000163 — PROTEC BLINDAGENS E SERVICOS LTDA — SAO PAULO/SP
19:06:30 INFO [+156 | total 619] ✅  01594627000180 — LOGIC WAY TECHNOLOGY LTDA — SAO PAULO/SP
19:06:30 INFO [+157 | total 620] ✅  10201884000104 — AMON — PRAIA GRANDE/SP
19:06:30 INFO [+158 | total 621] ✅  15028570000167 — JOELMA BARRETO VIEIRA PEREIRA 95784 — SALVADOR/BA
19:06:30 INFO [+159 | total 622] ✅  18843445000107 — PONTO PATAS PET SHOP — SAO JOSE DOS CAMPOS/SP
19:06:31 INFO [+160 | total 623] ✅  01302153000156 — LOJINHA DA DINDA — VALPARAISO DE GOIAS/GO
19:06:31 INFO [+161 | total 624] ✅  16388106000144 — ELEICAO 2012 EMANOEL CARDOSO DE ALB — QUEBRANGULO/AL
19:06:31 INFO [+162 | total 625] ✅  03948204000147 — USINA DE EVENTOS LTDA. — CASCAVEL/PR
19:06:31 INFO [+163 | total 626] ✅  12051769000118 — P CASTRO CONFECCOES — TERESINA/PI
19:06:32 INFO [+164 | total 627] ✅  07775025000106 — SBE FISIOTERAPIA — RIO DE JANEIRO/RJ
19:06:32 INFO [+165 | total 628] ✅  11336044000103 — PORTO CONFECCOES LTDA — PORTO FELIZ/SP
19:06:32 INFO [+166 | total 629] ✅  12156638000103 — KAST DESIGN LTDA — SANTANA DE PARNAIBA/SP
19:06:32 INFO [+167 | total 630] ✅  10083176000108 — ELEICAO 2008 CARLOS ROBERTO DE CAST — PIAU/MG
19:06:32 INFO [+168 | total 631] ✅  05798438000180 — LULIWEB INFORMATICA LTDA — MAGE/RJ
19:06:33 INFO [+169 | total 632] ✅  06613308000199 — ELEICOES 2004 - JOSE ALBERTO COSTA  — SOLEDADE/PB
19:06:33 INFO [+170 | total 633] ✅  12766372000102 — SARA DENISE SONZA MINUZZI 698963300 — JAGUARI/RS
19:06:33 INFO [+171 | total 634] ✅  13269080000127 — ALEXANDRE PEDRO DA SILVA 1421267586 — PIRACAIA/SP
19:06:34 INFO [+172 | total 635] ✅  01432922000130 — STC SERVICO TECNICO DE CONSULTORIA  — RIO GRANDE/RS
19:06:34 INFO [+173 | total 636] ✅  02716524000109 — P.C.B. ENGENHARIA COMERCIAL LTDA — JUATUBA/MG
19:06:34 INFO [+174 | total 637] ✅  05238055000158 — EDILCE INES BERTONCELLO — RONDA ALTA/RS
19:06:34 INFO [+175 | total 638] ✅  09993741000195 — ELEICAO 2008 PAULO ROBERTO SOARES D — LOURDES/SP
19:06:34 INFO [+176 | total 639] ✅  15198726000158 — FLAVIA ALVES MATOS 06835011785 — RIO DE JANEIRO/RJ
19:06:35 INFO [+177 | total 640] ✅  14293208000150 — FAST DRINK — SAO PAULO/SP
19:06:35 INFO [+178 | total 641] ✅  05401792000120 — RONIX — RECIFE/PE
19:06:36 INFO [+179 | total 642] ✅  14823820000198 — NOEMIA LEMES BORGES SCHAFHAUSER 988 — RIO NEGRO/PR
19:06:36 INFO [+180 | total 643] ✅  14840095000166 — AILTON PENHA PEREIRA 02319240705 — NITEROI/RJ
19:06:36 INFO [+181 | total 644] ✅  23413443000100 — EURICO CARLOS MELO DA SILVA 5060256 — PONTA PORA/MS
19:06:37 INFO [+182 | total 645] ✅  02729990000129 — ADRIANO LOPES RIBEIRO — SAO PAULO/SP
19:06:37 INFO [+183 | total 646] ✅  02202719000130 — CRIATIVE GRAPHIC DESIGN SINALIZACAO — JOAO PESSOA/PB
19:06:37 INFO [+184 | total 647] ✅  04385241000157 — COMERCIO DE ARMARINHOS SANTA CARMEM — CACOAL/RO
