2026-03-07 15:21:37,315 [INFO] Auditoria manual: 50333 páginas
2026-03-07 15:22:28,372 [INFO] Progresso: 5000/50333 - OK:3 REP:4997 ERR:0
2026-03-07 15:23:25,151 [INFO] Progresso: 10000/50333 - OK:9 REP:9991 ERR:0
2026-03-07 15:24:18,245 [INFO] Progresso: 15000/50333 - OK:15 REP:14985 ERR:0
2026-03-07 15:25:10,085 [INFO] Progresso: 20000/50333 - OK:18 REP:19982 ERR:0
2026-03-07 15:25:59,010 [INFO] Progresso: 25000/50333 - OK:26 REP:24974 ERR:0
2026-03-07 15:26:48,863 [INFO] Progresso: 30000/50333 - OK:29 REP:29971 ERR:0
2026-03-07 15:27:37,710 [INFO] Progresso: 35000/50333 - OK:35 REP:34965 ERR:0
2026-03-07 15:28:24,258 [INFO] Progresso: 40000/50333 - OK:42 REP:39958 ERR:0
2026-03-07 15:29:13,078 [INFO] Progresso: 45000/50333 - OK:47 REP:44953 ERR:0
2026-03-07 15:30:04,427 [INFO] Progresso: 50000/50333 - OK:50 REP:49950 ERR:0
2026-03-07 15:30:07,981 [INFO] Progresso: 50333/50333 - OK:50 REP:50283 ERR:0
2026-03-07 15:30:07,983 [INFO] CONCLUÍDO: {'OK': 50, 'REPARADO': 50283, 'ERRO': 0}
2026-03-07 20:11:46,222 [INFO] Iniciando Reparo em Massa para Versão 1.2 (58451 pastas)
2026-03-07 20:11:57,071 [INFO] Progresso: 1000/58451 - OK:0 REP:1000 ERR:0
2026-03-07 20:12:06,384 [INFO] Progresso: 2000/58451 - OK:0 REP:2000 ERR:0
2026-03-07 20:12:15,895 [INFO] Progresso: 3000/58451 - OK:0 REP:3000 ERR:0
2026-03-07 20:12:25,672 [INFO] Progresso: 4000/58451 - OK:0 REP:4000 ERR:0
2026-03-07 20:12:35,012 [INFO] Progresso: 5000/58451 - OK:0 REP:5000 ERR:0
2026-03-07 20:13:31,215 [INFO] Iniciando Reparo em Massa para Versão 1.2 (58451 pastas)
2026-03-07 20:13:42,651 [INFO] Progresso: 1000/58451 - OK:1000 REP:0 ERR:0
2026-03-07 20:13:50,430 [INFO] Progresso: 2000/58451 - OK:2000 REP:0 ERR:0
2026-03-07 20:13:58,050 [INFO] Progresso: 3000/58451 - OK:3000 REP:0 ERR:0
2026-03-07 20:14:03,849 [INFO] Progresso: 4000/58451 - OK:4000 REP:0 ERR:0
2026-03-07 20:14:09,809 [INFO] Progresso: 5000/58451 - OK:5000 REP:0 ERR:0
2026-03-07 20:14:16,079 [INFO] Progresso: 6000/58451 - OK:6000 REP:0 ERR:0
2026-03-07 20:14:22,629 [INFO] Progresso: 7000/58451 - OK:7000 REP:0 ERR:0
2026-03-07 20:14:28,389 [INFO] Progresso: 8000/58451 - OK:8000 REP:0 ERR:0
2026-03-07 20:14:34,609 [INFO] Progresso: 9000/58451 - OK:9000 REP:0 ERR:0
2026-03-07 20:16:31,114 [INFO] Iniciando REPARO ROBUSTO (Versão 1.3) - 58451 pastas
2026-03-07 20:16:43,385 [INFO] Progresso: 2000/58451 - OK:0 REP:0 ERR:2000
2026-03-07 20:16:49,425 [INFO] Progresso: 4000/58451 - OK:0 REP:0 ERR:4000
2026-03-07 20:16:54,860 [INFO] Progresso: 6000/58451 - OK:0 REP:0 ERR:6000
2026-03-07 20:17:01,687 [INFO] Progresso: 8000/58451 - OK:0 REP:0 ERR:8000
2026-03-07 20:17:08,518 [INFO] Progresso: 10000/58451 - OK:0 REP:0 ERR:10000
2026-03-07 20:17:14,902 [INFO] Progresso: 12000/58451 - OK:0 REP:0 ERR:12000
2026-03-07 20:17:15,657 [INFO] Iniciando REPARO ROBUSTO (Versão 1.3) - 58451 pastas
2026-03-07 20:17:20,778 [INFO] Progresso: 14000/58451 - OK:0 REP:0 ERR:14000
2026-03-07 20:17:26,595 [INFO] Progresso: 16000/58451 - OK:0 REP:0 ERR:16000
2026-03-07 20:17:30,142 [INFO] Progresso: 2000/58451 - OK:0 REP:0 ERR:2000
2026-03-07 20:17:35,299 [INFO] Progresso: 4000/58451 - OK:0 REP:0 ERR:4000
2026-03-07 20:17:36,282 [INFO] Progresso: 18000/58451 - OK:0 REP:0 ERR:18000
2026-03-07 20:17:40,400 [INFO] Progresso: 6000/58451 - OK:0 REP:0 ERR:6000
2026-03-07 20:17:45,459 [INFO] Progresso: 8000/58451 - OK:0 REP:0 ERR:8000
2026-03-07 20:17:50,546 [INFO] Progresso: 10000/58451 - OK:0 REP:0 ERR:10000
2026-03-07 20:18:06,009 [INFO] Iniciando REPARO ROBUSTO (Versão 1.3) - 58451 pastas
2026-03-07 20:18:10,192 [INFO] Progresso: 2000/58451 - OK:0 REP:0 ERR:2000
2026-03-07 20:18:12,616 [INFO] Progresso: 4000/58451 - OK:0 REP:0 ERR:4000
2026-03-07 20:18:15,289 [INFO] Progresso: 6000/58451 - OK:0 REP:0 ERR:6000
2026-03-07 20:18:17,678 [INFO] Progresso: 8000/58451 - OK:0 REP:0 ERR:8000
2026-03-07 20:18:20,043 [INFO] Progresso: 10000/58451 - OK:0 REP:0 ERR:10000
2026-03-07 20:18:22,581 [INFO] Progresso: 12000/58451 - OK:0 REP:0 ERR:12000
2026-03-07 20:18:25,247 [INFO] Progresso: 14000/58451 - OK:0 REP:0 ERR:14000
2026-03-07 20:18:27,758 [INFO] Progresso: 16000/58451 - OK:0 REP:0 ERR:16000
2026-03-07 20:18:30,340 [INFO] Progresso: 18000/58451 - OK:0 REP:0 ERR:18000
2026-03-07 20:18:31,321 [INFO] Iniciando REPARO ROBUSTO (Versão 1.3) - 58451 pastas
2026-03-07 20:18:35,062 [INFO] Progresso: 20000/58451 - OK:0 REP:0 ERR:20000
2026-03-07 20:18:40,934 [INFO] Progresso: 2000/58451 - OK:0 REP:0 ERR:2000
2026-03-07 20:18:44,524 [INFO] Progresso: 22000/58451 - OK:0 REP:0 ERR:22000
2026-03-07 20:18:46,784 [INFO] Progresso: 4000/58451 - OK:0 REP:0 ERR:4000
2026-03-07 20:18:52,978 [INFO] Progresso: 6000/58451 - OK:0 REP:0 ERR:6000
2026-03-07 20:18:53,551 [INFO] Progresso: 24000/58451 - OK:0 REP:0 ERR:24000
2026-03-07 20:18:59,025 [INFO] Progresso: 8000/58451 - OK:0 REP:0 ERR:8000
2026-03-07 20:19:03,675 [INFO] Progresso: 26000/58451 - OK:0 REP:0 ERR:26000
2026-03-07 20:19:05,277 [INFO] Progresso: 10000/58451 - OK:0 REP:0 ERR:10000
2026-03-07 20:19:10,109 [INFO] Progresso: 12000/58451 - OK:0 REP:0 ERR:12000
2026-03-07 20:19:12,309 [INFO] Progresso: 28000/58451 - OK:0 REP:0 ERR:28000
2026-03-07 20:19:15,392 [INFO] Progresso: 14000/58451 - OK:0 REP:0 ERR:14000
2026-03-07 20:19:20,355 [INFO] Progresso: 16000/58451 - OK:0 REP:0 ERR:16000
2026-03-07 20:19:25,889 [INFO] Progresso: 18000/58451 - OK:0 REP:0 ERR:18000
2026-03-07 20:19:25,917 [INFO] Progresso: 30000/58451 - OK:0 REP:0 ERR:30000
2026-03-07 20:19:30,879 [INFO] Progresso: 20000/58451 - OK:0 REP:0 ERR:20000
2026-03-07 20:19:33,923 [INFO] Progresso: 22000/58451 - OK:0 REP:0 ERR:22000
2026-03-07 20:19:38,008 [INFO] Progresso: 24000/58451 - OK:0 REP:0 ERR:24000
2026-03-07 20:19:41,473 [INFO] Progresso: 32000/58451 - OK:0 REP:0 ERR:32000
2026-03-07 20:19:43,073 [INFO] Progresso: 26000/58451 - OK:0 REP:0 ERR:26000
2026-03-07 20:19:47,227 [INFO] Progresso: 28000/58451 - OK:0 REP:0 ERR:28000
2026-03-07 20:19:51,094 [INFO] Progresso: 30000/58451 - OK:0 REP:0 ERR:30000
2026-03-07 20:19:55,505 [INFO] Progresso: 32000/58451 - OK:0 REP:0 ERR:32000
2026-03-07 20:19:57,080 [INFO] Progresso: 34000/58451 - OK:0 REP:0 ERR:34000
2026-03-07 20:20:02,123 [INFO] Progresso: 34000/58451 - OK:0 REP:0 ERR:34000
2026-03-07 20:20:11,964 [INFO] Progresso: 36000/58451 - OK:0 REP:0 ERR:36000
2026-03-07 20:20:12,087 [INFO] Progresso: 36000/58451 - OK:0 REP:0 ERR:36000
2026-03-07 20:20:27,701 [INFO] Progresso: 38000/58451 - OK:0 REP:0 ERR:38000
2026-03-07 20:20:27,751 [INFO] Progresso: 38000/58451 - OK:0 REP:0 ERR:38000
2026-03-07 20:20:43,414 [INFO] Progresso: 40000/58451 - OK:0 REP:0 ERR:40000
2026-03-07 20:20:43,431 [INFO] Progresso: 40000/58451 - OK:0 REP:0 ERR:40000
2026-03-07 20:20:59,253 [INFO] Progresso: 42000/58451 - OK:0 REP:0 ERR:42000
2026-03-07 20:20:59,264 [INFO] Progresso: 42000/58451 - OK:0 REP:0 ERR:42000
2026-03-07 20:21:10,785 [INFO] Reparo v1.3 (58451 pastas)
2026-03-07 20:21:14,464 [INFO] Progresso: 44000/58451 - OK:0 REP:0 ERR:44000
2026-03-07 20:21:14,467 [INFO] Progresso: 44000/58451 - OK:0 REP:0 ERR:44000
2026-03-07 20:21:20,559 [INFO] Progresso: 1000/58451 - OK:0 REP:1000 ERR:0
2026-03-07 20:21:23,093 [INFO] Progresso: 2000/58451 - OK:0 REP:2000 ERR:0
2026-03-07 20:21:25,539 [INFO] Progresso: 3000/58451 - OK:0 REP:3000 ERR:0
2026-03-07 20:21:27,486 [INFO] Progresso: 4000/58451 - OK:0 REP:4000 ERR:0
2026-03-07 20:21:29,279 [INFO] Progresso: 5000/58451 - OK:0 REP:5000 ERR:0
2026-03-07 20:21:31,162 [INFO] Progresso: 6000/58451 - OK:0 REP:6000 ERR:0
2026-03-07 20:21:33,104 [INFO] Progresso: 7000/58451 - OK:0 REP:7000 ERR:0
2026-03-07 20:21:34,659 [INFO] Progresso: 46000/58451 - OK:0 REP:0 ERR:46000
2026-03-07 20:21:34,672 [INFO] Progresso: 46000/58451 - OK:0 REP:0 ERR:46000
2026-03-07 20:21:34,786 [INFO] Progresso: 8000/58451 - OK:0 REP:8000 ERR:0
2026-03-07 20:21:36,652 [INFO] Progresso: 9000/58451 - OK:0 REP:9000 ERR:0
2026-03-07 20:21:38,436 [INFO] Progresso: 10000/58451 - OK:0 REP:10000 ERR:0
2026-03-07 20:21:40,208 [INFO] Progresso: 11000/58451 - OK:0 REP:11000 ERR:0
2026-03-07 20:21:42,021 [INFO] Progresso: 12000/58451 - OK:0 REP:12000 ERR:0
2026-03-07 20:21:43,738 [INFO] Progresso: 13000/58451 - OK:0 REP:13000 ERR:0
2026-03-07 20:21:45,493 [INFO] Progresso: 14000/58451 - OK:0 REP:14000 ERR:0
2026-03-07 20:21:47,258 [INFO] Progresso: 15000/58451 - OK:0 REP:15000 ERR:0
2026-03-07 20:21:49,199 [INFO] Progresso: 16000/58451 - OK:0 REP:16000 ERR:0
2026-03-07 20:21:50,984 [INFO] Progresso: 17000/58451 - OK:0 REP:17000 ERR:0
2026-03-07 20:21:52,755 [INFO] Progresso: 18000/58451 - OK:0 REP:18000 ERR:0
2026-03-07 20:21:54,475 [INFO] Progresso: 19000/58451 - OK:0 REP:19000 ERR:0
2026-03-07 20:21:56,397 [INFO] Progresso: 20000/58451 - OK:0 REP:20000 ERR:0
2026-03-07 20:21:58,160 [INFO] Progresso: 21000/58451 - OK:0 REP:21000 ERR:0
2026-03-07 20:21:59,989 [INFO] Progresso: 22000/58451 - OK:0 REP:22000 ERR:0
2026-03-07 20:22:01,741 [INFO] Progresso: 23000/58451 - OK:0 REP:23000 ERR:0
2026-03-07 20:22:02,242 [INFO] Progresso: 48000/58451 - OK:0 REP:0 ERR:48000
2026-03-07 20:22:02,248 [INFO] Progresso: 48000/58451 - OK:0 REP:0 ERR:48000
2026-03-07 20:22:03,457 [INFO] Progresso: 24000/58451 - OK:0 REP:24000 ERR:0
2026-03-07 20:22:05,227 [INFO] Progresso: 25000/58451 - OK:0 REP:25000 ERR:0
2026-03-07 20:22:06,949 [INFO] Progresso: 26000/58451 - OK:0 REP:26000 ERR:0
2026-03-07 20:22:08,723 [INFO] Progresso: 27000/58451 - OK:0 REP:27000 ERR:0
2026-03-07 20:22:10,558 [INFO] Progresso: 28000/58451 - OK:0 REP:28000 ERR:0
2026-03-07 20:22:12,445 [INFO] Progresso: 29000/58451 - OK:0 REP:29000 ERR:0
2026-03-07 20:22:14,640 [INFO] Progresso: 30000/58451 - OK:0 REP:30000 ERR:0
2026-03-07 20:22:16,654 [INFO] Progresso: 31000/58451 - OK:0 REP:31000 ERR:0
2026-03-07 20:22:18,673 [INFO] Progresso: 32000/58451 - OK:0 REP:32000 ERR:0
2026-03-07 20:22:20,896 [INFO] Progresso: 33000/58451 - OK:0 REP:33000 ERR:0
2026-03-07 20:22:23,013 [INFO] Progresso: 34000/58451 - OK:0 REP:34000 ERR:0
2026-03-07 20:22:25,346 [INFO] Progresso: 35000/58451 - OK:0 REP:35000 ERR:0
2026-03-07 20:22:27,585 [INFO] Progresso: 36000/58451 - OK:0 REP:36000 ERR:0
2026-03-07 20:22:29,768 [INFO] Progresso: 37000/58451 - OK:0 REP:37000 ERR:0
2026-03-07 20:22:31,917 [INFO] Progresso: 38000/58451 - OK:0 REP:38000 ERR:0
2026-03-07 20:22:33,955 [INFO] Progresso: 39000/58451 - OK:0 REP:39000 ERR:0
2026-03-07 20:22:36,034 [INFO] Progresso: 40000/58451 - OK:0 REP:40000 ERR:0
2026-03-07 20:22:37,779 [INFO] Progresso: 50000/58451 - OK:0 REP:0 ERR:50000
2026-03-07 20:22:37,788 [INFO] Progresso: 50000/58451 - OK:0 REP:0 ERR:50000
2026-03-07 20:22:38,140 [INFO] Progresso: 41000/58451 - OK:0 REP:41000 ERR:0
2026-03-07 20:22:40,213 [INFO] Progresso: 42000/58451 - OK:0 REP:42000 ERR:0
2026-03-07 20:22:42,441 [INFO] Progresso: 43000/58451 - OK:0 REP:43000 ERR:0
2026-03-07 20:22:44,632 [INFO] Progresso: 44000/58451 - OK:0 REP:44000 ERR:0
2026-03-07 20:22:46,828 [INFO] Progresso: 45000/58451 - OK:0 REP:45000 ERR:0
2026-03-07 20:22:49,123 [INFO] Progresso: 46000/58451 - OK:0 REP:46000 ERR:0
2026-03-07 20:22:51,354 [INFO] Progresso: 47000/58451 - OK:0 REP:47000 ERR:0
2026-03-07 20:22:53,600 [INFO] Progresso: 48000/58451 - OK:0 REP:48000 ERR:0
2026-03-07 20:22:55,955 [INFO] Progresso: 49000/58451 - OK:0 REP:49000 ERR:0
2026-03-07 20:22:58,184 [INFO] Progresso: 50000/58451 - OK:0 REP:50000 ERR:0
2026-03-07 20:23:00,760 [INFO] Progresso: 51000/58451 - OK:0 REP:51000 ERR:0
2026-03-07 20:23:13,698 [INFO] Progresso: 52000/58451 - OK:46 REP:0 ERR:51954
2026-03-07 20:23:13,745 [INFO] Progresso: 52000/58451 - OK:80 REP:0 ERR:51920
2026-03-07 20:23:14,781 [INFO] Progresso: 52000/58451 - OK:0 REP:52000 ERR:0
2026-03-07 20:23:19,850 [INFO] Progresso: 53000/58451 - OK:0 REP:53000 ERR:0
2026-03-07 20:23:21,926 [INFO] Progresso: 54000/58451 - OK:59 REP:0 ERR:53941
2026-03-07 20:23:24,533 [INFO] Progresso: 54000/58451 - OK:125 REP:0 ERR:53875
2026-03-07 20:23:25,375 [INFO] Progresso: 54000/58451 - OK:0 REP:54000 ERR:0
2026-03-07 20:23:27,711 [INFO] Progresso: 56000/58451 - OK:59 REP:0 ERR:55941
2026-03-07 20:23:30,778 [INFO] Progresso: 56000/58451 - OK:174 REP:0 ERR:55826
2026-03-07 20:23:35,630 [INFO] Progresso: 55000/58451 - OK:0 REP:55000 ERR:0
2026-03-07 20:23:38,395 [INFO] Progresso: 56000/58451 - OK:0 REP:56000 ERR:0
2026-03-07 20:23:41,933 [INFO] Progresso: 57000/58451 - OK:0 REP:57000 ERR:0
2026-03-07 20:23:46,760 [INFO] Progresso: 58000/58451 - OK:0 REP:58000 ERR:0
2026-03-07 20:23:50,087 [INFO] Progresso: 58000/58451 - OK:930 REP:0 ERR:57070
2026-03-07 20:23:50,094 [INFO] Progresso: 58000/58451 - OK:725 REP:0 ERR:57275
2026-03-07 20:23:50,636 [INFO] Progresso: 58451/58451 - OK:0 REP:58451 ERR:0
2026-03-07 20:23:53,518 [INFO] Progresso: 58451/58451 - OK:1176 REP:0 ERR:57275
2026-03-07 20:28:06,429 [INFO] Iniciando REPARO DEFINITIVO v1.3 em 58451 pastas...
2026-03-07 20:28:19,681 [INFO] Progresso: 1000/58451 - OK:1000 REP:0 ERR:0
2026-03-07 20:28:21,100 [INFO] Progresso: 2000/58451 - OK:2000 REP:0 ERR:0
2026-03-07 20:28:26,438 [INFO] Progresso: 3000/58451 - OK:3000 REP:0 ERR:0
2026-03-07 20:28:31,880 [INFO] Progresso: 4000/58451 - OK:4000 REP:0 ERR:0
2026-03-07 20:28:36,397 [INFO] Progresso: 5000/58451 - OK:5000 REP:0 ERR:0
2026-03-07 20:28:41,918 [INFO] Progresso: 6000/58451 - OK:6000 REP:0 ERR:0
2026-03-07 20:28:47,033 [INFO] Progresso: 7000/58451 - OK:7000 REP:0 ERR:0
2026-03-07 20:28:51,603 [INFO] Progresso: 8000/58451 - OK:8000 REP:0 ERR:0
2026-03-07 20:28:56,375 [INFO] Progresso: 9000/58451 - OK:9000 REP:0 ERR:0
2026-03-07 20:29:01,817 [INFO] Progresso: 10000/58451 - OK:10000 REP:0 ERR:0
2026-03-07 20:29:07,169 [INFO] Progresso: 11000/58451 - OK:11000 REP:0 ERR:0
2026-03-07 20:29:11,990 [INFO] Progresso: 12000/58451 - OK:12000 REP:0 ERR:0
2026-03-07 20:29:16,483 [INFO] Progresso: 13000/58451 - OK:13000 REP:0 ERR:0
2026-03-07 20:29:21,038 [INFO] Progresso: 14000/58451 - OK:14000 REP:0 ERR:0
2026-03-07 20:29:25,615 [INFO] Progresso: 15000/58451 - OK:15000 REP:0 ERR:0
2026-03-07 20:29:30,208 [INFO] Progresso: 16000/58451 - OK:16000 REP:0 ERR:0
2026-03-07 20:29:34,706 [INFO] Progresso: 17000/58451 - OK:17000 REP:0 ERR:0
2026-03-07 20:29:39,097 [INFO] Progresso: 18000/58451 - OK:18000 REP:0 ERR:0
2026-03-07 20:29:43,750 [INFO] Progresso: 19000/58451 - OK:19000 REP:0 ERR:0
2026-03-07 20:29:48,738 [INFO] Progresso: 20000/58451 - OK:20000 REP:0 ERR:0
2026-03-07 20:29:52,905 [INFO] Progresso: 21000/58451 - OK:21000 REP:0 ERR:0
2026-03-07 20:29:57,299 [INFO] Progresso: 22000/58451 - OK:22000 REP:0 ERR:0
2026-03-07 20:30:01,757 [INFO] Progresso: 23000/58451 - OK:23000 REP:0 ERR:0
2026-03-07 20:30:06,420 [INFO] Progresso: 24000/58451 - OK:24000 REP:0 ERR:0
2026-03-07 20:30:11,443 [INFO] Progresso: 25000/58451 - OK:25000 REP:0 ERR:0
2026-03-07 20:30:15,940 [INFO] Progresso: 26000/58451 - OK:26000 REP:0 ERR:0
2026-03-07 20:30:20,544 [INFO] Progresso: 27000/58451 - OK:27000 REP:0 ERR:0
2026-03-07 20:30:25,130 [INFO] Progresso: 28000/58451 - OK:28000 REP:0 ERR:0
2026-03-07 20:30:29,594 [INFO] Progresso: 29000/58451 - OK:29000 REP:0 ERR:0
2026-03-07 20:30:33,998 [INFO] Progresso: 30000/58451 - OK:30000 REP:0 ERR:0
2026-03-07 20:30:38,558 [INFO] Progresso: 31000/58451 - OK:31000 REP:0 ERR:0
2026-03-07 20:30:43,138 [INFO] Progresso: 32000/58451 - OK:32000 REP:0 ERR:0
2026-03-07 20:30:48,062 [INFO] Progresso: 33000/58451 - OK:33000 REP:0 ERR:0
2026-03-07 20:30:52,460 [INFO] Progresso: 34000/58451 - OK:34000 REP:0 ERR:0
2026-03-07 20:30:56,722 [INFO] Progresso: 35000/58451 - OK:35000 REP:0 ERR:0
2026-03-07 20:31:01,179 [INFO] Progresso: 36000/58451 - OK:36000 REP:0 ERR:0
2026-03-07 20:31:05,496 [INFO] Progresso: 37000/58451 - OK:37000 REP:0 ERR:0
2026-03-07 20:31:10,053 [INFO] Progresso: 38000/58451 - OK:38000 REP:0 ERR:0
2026-03-07 20:31:14,495 [INFO] Progresso: 39000/58451 - OK:39000 REP:0 ERR:0
2026-03-07 20:31:20,125 [INFO] Progresso: 40000/58451 - OK:40000 REP:0 ERR:0
2026-03-07 20:31:25,080 [INFO] Progresso: 41000/58451 - OK:41000 REP:0 ERR:0
2026-03-07 20:31:29,538 [INFO] Progresso: 42000/58451 - OK:42000 REP:0 ERR:0
2026-03-07 20:31:34,181 [INFO] Progresso: 43000/58451 - OK:43000 REP:0 ERR:0
2026-03-07 20:31:38,484 [INFO] Progresso: 44000/58451 - OK:44000 REP:0 ERR:0
2026-03-07 20:31:43,406 [INFO] Progresso: 45000/58451 - OK:45000 REP:0 ERR:0
2026-03-07 20:31:47,791 [INFO] Progresso: 46000/58451 - OK:46000 REP:0 ERR:0
2026-03-07 20:31:52,438 [INFO] Progresso: 47000/58451 - OK:47000 REP:0 ERR:0
2026-03-07 20:31:56,848 [INFO] Progresso: 48000/58451 - OK:48000 REP:0 ERR:0
2026-03-07 20:32:01,145 [INFO] Progresso: 49000/58451 - OK:49000 REP:0 ERR:0
2026-03-07 20:32:05,621 [INFO] Progresso: 50000/58451 - OK:50000 REP:0 ERR:0
2026-03-07 20:32:10,271 [INFO] Progresso: 51000/58451 - OK:51000 REP:0 ERR:0
2026-03-07 20:32:14,622 [INFO] Progresso: 52000/58451 - OK:52000 REP:0 ERR:0
2026-03-07 20:32:19,084 [INFO] Progresso: 53000/58451 - OK:53000 REP:0 ERR:0
2026-03-07 20:32:23,571 [INFO] Progresso: 54000/58451 - OK:54000 REP:0 ERR:0
2026-03-07 20:32:27,941 [INFO] Progresso: 55000/58451 - OK:55000 REP:0 ERR:0
2026-03-07 20:32:33,336 [INFO] Progresso: 56000/58451 - OK:56000 REP:0 ERR:0
2026-03-07 20:32:37,648 [INFO] Progresso: 57000/58451 - OK:57000 REP:0 ERR:0
2026-03-07 20:32:38,921 [INFO] Progresso: 58000/58451 - OK:58000 REP:0 ERR:0
2026-03-07 20:32:39,086 [INFO] Progresso: 58451/58451 - OK:58451 REP:0 ERR:0
