18:35:55 INFO ============================================================
18:35:55 INFO BuscaCNPJ.work — Regenerador dos primeiros 101
18:35:55 INFO CNPJs a regenerar: 101
18:35:55 INFO ============================================================
18:35:55 INFO [1/101] Buscando dados: 33000167000101
18:35:55 INFO   ✅  Regenerado: 33000167000101 — PETROBRAS - EDISE
18:35:59 INFO [2/101] Buscando dados: 64170450000105
18:36:00 INFO   ✅  Regenerado: 64170450000105 — VINICIUS CODES
18:36:04 INFO [3/101] Buscando dados: 19131243000197
18:36:04 INFO   ✅  Regenerado: 19131243000197 — REDE PELO CONHECIMENTO LIVRE
18:36:08 INFO [4/101] Buscando dados: 00000000000191
18:36:09 INFO   ✅  Regenerado: 00000000000191 — DIRECAO GERAL
18:36:13 INFO [5/101] Buscando dados: 33000167000292
18:36:15 INFO   ✅  Regenerado: 33000167000292 — PETROBRAS
18:36:19 INFO [6/101] Buscando dados: 33000167000373
18:36:20 INFO   ✅  Regenerado: 33000167000373 — PETROBRAS
18:36:24 INFO [7/101] Buscando dados: 33000167000454
18:36:25 INFO   ✅  Regenerado: 33000167000454 — PETROBRAS
18:36:29 INFO [8/101] Buscando dados: 33000167000535
18:36:30 INFO   ✅  Regenerado: 33000167000535 — PETROBRAS
18:36:34 INFO [9/101] Buscando dados: 33000167000616
18:36:34 INFO   ✅  Regenerado: 33000167000616 — PETROBRAS
18:36:38 INFO [10/101] Buscando dados: 33000167000705
18:36:39 INFO   ✅  Regenerado: 33000167000705 — PETROBRAS
18:36:43 INFO [11/101] Buscando dados: 33000167000888
18:36:44 INFO   ✅  Regenerado: 33000167000888 — PETROLEO BRASILEIRO S. A. - PETROBRAS
18:36:48 INFO [12/101] Buscando dados: 33000167000969
18:36:49 INFO   ✅  Regenerado: 33000167000969 — PETROBRAS
18:36:53 INFO [13/101] Buscando dados: 33000167001000
18:36:54 INFO   ✅  Regenerado: 33000167001000 — PETROBRAS
18:36:58 INFO [14/101] Buscando dados: 33000167001183
18:36:58 INFO   ✅  Regenerado: 33000167001183 — PETROLEO BRASILEIRO S A PETROBRAS
18:37:02 INFO [15/101] Buscando dados: 33000167001264
18:37:03 INFO   ✅  Regenerado: 33000167001264 — PETROBRAS
18:37:07 INFO [16/101] Buscando dados: 33592510000154
18:37:08 INFO   ✅  Regenerado: 33592510000154 — VALE S.A.
18:37:12 INFO [17/101] Buscando dados: 00360305000104
18:37:12 INFO   ✅  Regenerado: 00360305000104 — CEF MATRIZ
18:37:16 INFO [18/101] Buscando dados: 02429144000193
18:37:17 INFO   ✅  Regenerado: 02429144000193 — CPFL ENERGIA S.A.
18:37:21 INFO [19/101] Buscando dados: 33683111000280
18:37:22 INFO   ✅  Regenerado: 33683111000280 — REGIONAL BRASILIA-DF
18:37:26 INFO [20/101] Buscando dados: 33000167001345
18:37:26 INFO   ✅  Regenerado: 33000167001345 — ESJAP
18:37:30 INFO [21/101] Buscando dados: 33000167001426
18:37:31 INFO   ✅  Regenerado: 33000167001426 — PETROBRAS
18:37:35 INFO [22/101] Buscando dados: 33000167001507
18:37:35 INFO   ✅  Regenerado: 33000167001507 — PETROBRAS
18:37:39 INFO [23/101] Buscando dados: 33000167001698
18:37:39 INFO   ✅  Regenerado: 33000167001698 — PETROLEO BRASILEIRO S. A. - PETROBRAS
18:37:43 INFO [24/101] Buscando dados: 33000167001779
18:37:44 INFO   ✅  Regenerado: 33000167001779 — PETROLEO BRASILEIRO S A PETROBRAS
18:37:48 INFO [25/101] Buscando dados: 33000167001850
18:37:48 INFO   ✅  Regenerado: 33000167001850 — PETROLEO BRASILEIRO S. A. - PETROBRAS
18:37:52 INFO [26/101] Buscando dados: 33000167001930
18:37:53 INFO   ✅  Regenerado: 33000167001930 — PETROBRAS
18:37:57 INFO [27/101] Buscando dados: 33000167002074
18:37:57 INFO   ✅  Regenerado: 33000167002074 — PETROLEO BRASILEIRO S. A. - PETROBRAS
18:38:01 INFO [28/101] Buscando dados: 33000167002155
18:38:02 INFO   ✅  Regenerado: 33000167002155 — PETROBRAS
18:38:06 INFO [29/101] Buscando dados: 33000167002236
18:38:06 INFO   ✅  Regenerado: 33000167002236 — PETROBRAS
18:38:10 INFO [30/101] Buscando dados: 33000167002317
18:38:10 INFO   ✅  Regenerado: 33000167002317 — PETROBRAS
18:38:14 INFO [31/101] Buscando dados: 33000167002406
18:38:15 INFO   ✅  Regenerado: 33000167002406 — PETROBRAS
18:38:19 INFO [32/101] Buscando dados: 33000167002589
18:38:19 INFO   ✅  Regenerado: 33000167002589 — PETROLEO BRASILEIRO S. A. - PETROBRAS
18:38:23 INFO [33/101] Buscando dados: 33000167002660
18:38:24 INFO   ✅  Regenerado: 33000167002660 — PETROBRAS - UTE NOVA PIRATININGA
18:38:28 INFO [34/101] Buscando dados: 33000167002740
18:38:28 INFO   ✅  Regenerado: 33000167002740 — PETROBRAS P-35
18:38:32 INFO [35/101] Buscando dados: 33000167002821
18:38:32 INFO   ✅  Regenerado: 33000167002821 — PETROLEO BRASILEIRO S/A PETROBRAS
18:38:36 INFO [36/101] Buscando dados: 33000167002902
18:38:37 INFO   ✅  Regenerado: 33000167002902 — PETROBRAS P-47
18:38:41 INFO [37/101] Buscando dados: 33000167003046
18:38:41 INFO   ✅  Regenerado: 33000167003046 — PETROBRAS P-33
18:38:45 INFO [38/101] Buscando dados: 33000167003127
18:38:46 INFO   ✅  Regenerado: 33000167003127 — PETROBRAS P-32
18:38:50 INFO [39/101] Buscando dados: 33000167003208
18:38:50 INFO   ✅  Regenerado: 33000167003208 — PLATAFORMA - BARRA DO FURADO
18:38:54 INFO [40/101] Buscando dados: 33000167003399
18:38:55 INFO   ✅  Regenerado: 33000167003399 — PETROBRAS
18:38:59 INFO [41/101] Buscando dados: 33000167003470
18:38:59 INFO   ✅  Regenerado: 33000167003470 — PETROBRAS
18:39:03 INFO [42/101] Buscando dados: 33000167003550
18:39:04 INFO   ✅  Regenerado: 33000167003550 — CONSORCIO BM-S-24 (BE)
18:39:08 INFO [43/101] Buscando dados: 33000167003631
18:39:08 INFO   ✅  Regenerado: 33000167003631 — PETROBRAS
18:39:12 INFO [44/101] Buscando dados: 33000167003712
18:39:13 INFO   ✅  Regenerado: 33000167003712 — PETROBRAS
18:39:17 INFO [45/101] Buscando dados: 33000167003801
18:39:17 INFO   ✅  Regenerado: 33000167003801 — CONSORCIO ALBACORA LESTE (ICC)
18:39:21 INFO [46/101] Buscando dados: 33000167003984
18:39:22 INFO   ✅  Regenerado: 33000167003984 — CONSORCIO PAPA-TERRA (CP)
18:39:26 INFO [47/101] Buscando dados: 33000167004018
18:39:26 INFO   ✅  Regenerado: 33000167004018 — PETROBRAS - CONSORCIO BM-S-21
18:39:30 INFO [48/101] Buscando dados: 33000167004107
18:39:31 INFO   ✅  Regenerado: 33000167004107 — PETROBRAS
18:39:35 INFO [49/101] Buscando dados: 33000167004280
18:39:35 INFO   ✅  Regenerado: 33000167004280 — CONSORCIO CERNAMBI (CP)
18:39:39 INFO [50/101] Buscando dados: 33000167004360
18:39:40 INFO   ✅  Regenerado: 33000167004360 — PETROBRAS - CONSORCIO BM-S-10
18:39:44 INFO [51/101] Buscando dados: 33000167004441
18:39:44 INFO   ✅  Regenerado: 33000167004441 — PETROBRAS - CONSORCIO BM-S-08
18:39:48 INFO [52/101] Buscando dados: 33000167004522
18:39:49 INFO   ✅  Regenerado: 33000167004522 — PETROLEO BRASILEIRO S/A PETROBRAS
18:39:53 INFO [53/101] Buscando dados: 33000167004603
18:39:53 INFO   ✅  Regenerado: 33000167004603 — PETROBRAS - CONSORCIO BM-C-3
18:39:57 INFO [54/101] Buscando dados: 33000167004794
18:39:58 INFO   ✅  Regenerado: 33000167004794 — CONSORCIO SAPINHOA UNIT:PB45LIDER/SHELL30/REP25
18:40:02 INFO [55/101] Buscando dados: 33000167004875
18:40:02 INFO   ✅  Regenerado: 33000167004875 — PETROBRAS - CONSORCIO BM-ES-05
18:40:06 INFO [56/101] Buscando dados: 33000167004956
18:40:07 INFO   ✅  Regenerado: 33000167004956 — PETROBRAS - CONSORCIO BM-C-25
18:40:11 INFO [57/101] Buscando dados: 33000167005090
18:40:11 INFO   ✅  Regenerado: 33000167005090 — PETROBRAS - CONSORCIO BM-ES-9
18:40:15 INFO [58/101] Buscando dados: 33000167005170
18:40:15 INFO   ✅  Regenerado: 33000167005170 — PETROBRAS - CONSORCIO BM-S-12
18:40:19 INFO [59/101] Buscando dados: 33000167005251
18:40:20 INFO   ✅  Regenerado: 33000167005251 — PETROBRAS - CONSORCIO CORAL
18:40:24 INFO [60/101] Buscando dados: 33000167005332
18:40:24 INFO   ✅  Regenerado: 33000167005332 — PETROBRAS - CONSORCIO CAVALO MARINHO
18:40:28 INFO [61/101] Buscando dados: 33000167005413
18:40:29 INFO   ✅  Regenerado: 33000167005413 — PETROBRAS - CONSORCIO BM-S-17
18:40:33 INFO [62/101] Buscando dados: 33000167005502
18:40:33 INFO   ✅  Regenerado: 33000167005502 — LUBRIFICANTES E DER DE PETROLEO DO NORDESTE - LUBN
18:40:37 INFO [63/101] Buscando dados: 33000167005685
18:40:38 INFO   ✅  Regenerado: 33000167005685 — PETROBRAS - CONSORCIO ESTRELA DO MAR
18:40:42 INFO [64/101] Buscando dados: 33000167005766
18:40:42 INFO   ✅  Regenerado: 33000167005766 — PETROBRASA
18:40:46 INFO [65/101] Buscando dados: 33000167005847
18:40:46 INFO   ✅  Regenerado: 33000167005847 — CONSORCIO PESCADA
18:40:50 INFO [66/101] Buscando dados: 33000167005928
18:40:51 INFO   ✅  Regenerado: 33000167005928 — PETROBRAS - PLATAFORMA P-50
18:40:55 INFO [67/101] Buscando dados: 33000167006061
18:40:55 INFO   ✅  Regenerado: 33000167006061 — CONSORCIO BM-POT-11
18:40:59 INFO [68/101] Buscando dados: 33000167006142
18:41:00 INFO   ✅  Regenerado: 33000167006142 — PETROBRAS - BM-SEAL-9
18:41:04 INFO [69/101] Buscando dados: 33000167006223
18:41:04 INFO   ✅  Regenerado: 33000167006223 — CONSORCIO BM-POT-13
18:41:08 INFO [70/101] Buscando dados: 33000167006304
18:41:08 INFO   ✅  Regenerado: 33000167006304 — PETROBRAS - BM-SEAL-4
18:41:12 INFO [71/101] Buscando dados: 33000167006495
18:41:13 INFO   ✅  Regenerado: 33000167006495 — PETROBRAS
18:41:17 INFO [72/101] Buscando dados: 33000167006576
18:41:17 INFO   ✅  Regenerado: 33000167006576 — PETROBRAS/ESBRAS
18:41:21 INFO [73/101] Buscando dados: 33000167006657
18:41:22 INFO   ✅  Regenerado: 33000167006657 — PETROBRAS - CONSORCIO BM-CAL-6
18:41:26 INFO [74/101] Buscando dados: 33000167006738
18:41:27 INFO   ✅  Regenerado: 33000167006738 — PETROBRAS - CONSORCIO BM-CAL-5
18:41:31 INFO [75/101] Buscando dados: 33000167006819
18:41:31 INFO   ✅  Regenerado: 33000167006819 — PETROBRAS - CONSORCIO BCAM-40
18:41:35 INFO [76/101] Buscando dados: 33000167006908
18:41:35 INFO   ✅  Regenerado: 33000167006908 — PETROBRAS - CONSORCIO BM-J-3
18:41:39 INFO [77/101] Buscando dados: 33000167007033
18:41:40 INFO   ✅  Regenerado: 33000167007033 — PETROBRAS - BUENOS AIRES
18:41:44 INFO [78/101] Buscando dados: 33000167007114
18:41:44 INFO   ✅  Regenerado: 33000167007114 — PETROBRAS - UTE CANOAS
18:41:48 INFO [79/101] Buscando dados: 33000167007203
18:41:49 INFO   ✅  Regenerado: 33000167007203 — PETROBRAS
18:41:53 INFO [80/101] Buscando dados: 33000167007386
18:41:53 INFO   ✅  Regenerado: 33000167007386 — PETROBRAS DEPTO COMERCIAL
18:41:57 INFO [81/101] Buscando dados: 33000167007467
18:41:58 INFO   ✅  Regenerado: 33000167007467 — PETROBRAS - CONSORCIO BM-C-35
18:42:02 INFO [82/101] Buscando dados: 33000167007548
18:42:02 INFO   ✅  Regenerado: 33000167007548 — PETROBRAS - CONSORCIO BT-ES-24
18:42:06 INFO [83/101] Buscando dados: 33000167007629
18:42:06 INFO   ✅  Regenerado: 33000167007629 — PETROBRAS - CONSORCIO BM-CAL-7
18:42:10 INFO [84/101] Buscando dados: 33000167007700
18:42:11 INFO   ✅  Regenerado: 33000167007700 — PETROBRAS - CONSORCIO BT-ES-34
18:42:15 INFO [85/101] Buscando dados: 33000167007890
18:42:15 INFO   ✅  Regenerado: 33000167007890 — PETROBRAS - CONSORCIO BT-ES-28
18:42:19 INFO [86/101] Buscando dados: 33000167007971
18:42:20 INFO   ✅  Regenerado: 33000167007971 — PETROBRAS - CONSORCIO BM-CAL-12
18:42:24 INFO [87/101] Buscando dados: 33000167008005
18:42:24 INFO   ✅  Regenerado: 33000167008005 — PETROBRAS - CONSORCIO BT-REC-19
18:42:28 INFO [88/101] Buscando dados: 33000167008196
18:42:29 INFO   ✅  Regenerado: 33000167008196 — PETROBRAS - CONSORCIO BM-SEAL-11
18:42:33 INFO [89/101] Buscando dados: 33000167008277
18:42:33 INFO   ✅  Regenerado: 33000167008277 — PETROBRAS - CONSORCIO BT-POT-32
18:42:37 INFO [90/101] Buscando dados: 33000167008358
18:42:37 INFO   ✅  Regenerado: 33000167008358 — PETROBRAS - BM-POT-17
18:42:41 INFO [91/101] Buscando dados: 33000167008439
18:42:42 INFO   ✅  Regenerado: 33000167008439 — PETROBRAS - CONSORCIO BT-POT-9
18:42:46 INFO [92/101] Buscando dados: 33000167008510
18:42:46 INFO   ✅  Regenerado: 33000167008510 — PETROBRAS - CONSORCIO BT-POT-45
18:42:50 INFO [93/101] Buscando dados: 33000167008609
18:42:51 INFO   ✅  Regenerado: 33000167008609 — PETROBRAS - CONSORCIO BT-POT-56
18:42:55 INFO [94/101] Buscando dados: 33000167008781
18:42:55 INFO   ✅  Regenerado: 33000167008781 — PETROLEO BRASILEIRO S.A. - PETROBRAS
18:42:59 INFO [95/101] Buscando dados: 33000167008862
18:43:00 INFO   ✅  Regenerado: 33000167008862 — PETROBRAS REFINARIA DUQUE DE CAXIAS
18:43:04 INFO [96/101] Buscando dados: 33000167008943
18:43:04 INFO   ✅  Regenerado: 33000167008943 — PETROBRAS REFINARIA DUQUE DE CAXIAS
18:43:08 INFO [97/101] Buscando dados: 33000167009087
18:43:09 INFO   ✅  Regenerado: 33000167009087 — PETROBRAS REFINARIA DUQUE DE CAXIAS
18:43:13 INFO [98/101] Buscando dados: 33000167009168
18:43:13 INFO   ✅  Regenerado: 33000167009168 — PETROLEO BRASILEIRO S.A. - PETROBRAS
18:43:17 INFO [99/101] Buscando dados: 33000167009249
18:43:18 INFO   ✅  Regenerado: 33000167009249 — PETROLEO BRASILEIRO S.A. - PETROBRAS
18:43:22 INFO [100/101] Buscando dados: 33000167009320
18:43:22 INFO   ✅  Regenerado: 33000167009320 — PETROBRAS REFINARIA GABRIEL PASSOS
18:43:26 INFO [101/101] Buscando dados: 33000167009400
18:43:27 INFO   ✅  Regenerado: 33000167009400 — PETROBRAS
18:43:31 INFO index.html regenerado.
18:43:31 INFO sitemap.xml atualizado com 181 URLs.
18:43:31 INFO ============================================================
18:43:31 INFO ✅  REGENERAÇÃO CONCLUÍDA
18:43:31 INFO Páginas regeneradas : 101 / 101
18:43:31 INFO ============================================================
18:43:31 INFO Agora suba a pasta site-cnpj para o GitHub e faça o deploy.
